2025-06-02 17:17:07,965 [Worker-7: Loading available Gradle versions] INFO  o.e.b.c.i.u.g.PublishedGradleVersions - Gradle version information cache is not available. Remote download required.
2025-06-02 17:17:52,454 [Worker-5: Updating Maven Dependencies] INFO  o.e.m.c.i.l.LifecycleMappingFactory - Using org.maven.ide.eclipse.wtp.WarLifecycleMapping lifecycle mapping for MavenProject: hexa:ExpensesProject:0.0.1-SNAPSHOT @ C:\Users\nirmalyas\Downloads\Day38_Part_2\Day38_Part_2\ExpensesProject\pom.xml.
2025-06-02 17:17:52,453 [Worker-20: Building] INFO  o.e.m.c.i.l.LifecycleMappingFactory - Using org.maven.ide.eclipse.wtp.WarLifecycleMapping lifecycle mapping for MavenProject: hexa:ExpensesProject:0.0.1-SNAPSHOT @ C:\Users\nirmalyas\Downloads\Day38_Part_2\Day38_Part_2\ExpensesProject\pom.xml.
2025-06-02 17:17:52,547 [Worker-5: Updating Maven Dependencies] WARN  o.a.m.r.i.DefaultArtifactDescriptorReader - 1 problem was encountered while building the effective model for org.javassist:javassist:jar:3.18.1-GA during dependency collection step for project (use -X to see details)
2025-06-02 17:17:52,558 [Worker-20: Building] WARN  o.a.m.r.i.DefaultArtifactDescriptorReader - 1 problem was encountered while building the effective model for org.javassist:javassist:jar:3.18.1-GA during dependency collection step for project (use -X to see details)
2025-06-02 17:17:54,706 [Worker-5: Updating Maven Dependencies] WARN  o.e.m.c.i.embedder.EclipseLogger - The artifact mysql:mysql-connector-java:jar:8.0.31 has been relocated to com.mysql:mysql-connector-j:jar:8.0.31: MySQL Connector/J artifacts moved to reverse-DNS compliant Maven 2+ coordinates.
2025-06-02 17:17:54,707 [Worker-20: Building] WARN  o.e.m.c.i.embedder.EclipseLogger - The artifact mysql:mysql-connector-java:jar:8.0.31 has been relocated to com.mysql:mysql-connector-j:jar:8.0.31: MySQL Connector/J artifacts moved to reverse-DNS compliant Maven 2+ coordinates.
2025-06-02 17:17:55,012 [Worker-20: Building] WARN  o.e.m.c.i.embedder.EclipseLogger - The artifact mysql:mysql-connector-java:jar:8.0.31 has been relocated to com.mysql:mysql-connector-j:jar:8.0.31: MySQL Connector/J artifacts moved to reverse-DNS compliant Maven 2+ coordinates.
2025-06-02 17:17:56,387 [Worker-20: Building] INFO  o.a.m.s.f.DefaultMavenResourcesFiltering - skip non existing resourceDirectory C:\Users\nirmalyas\Downloads\Day38_Part_2\Day38_Part_2\ExpensesProject\src\main\resources
2025-06-02 17:17:56,393 [Worker-20: Building] INFO  o.a.m.s.f.DefaultMavenResourcesFiltering - skip non existing resourceDirectory C:\Users\nirmalyas\Downloads\Day38_Part_2\Day38_Part_2\ExpensesProject\src\test\resources
2025-06-02 17:17:59,543 [Worker-5: Updating Maven Dependencies] INFO  o.e.m.c.i.l.LifecycleMappingFactory - Using org.maven.ide.eclipse.wtp.WarLifecycleMapping lifecycle mapping for MavenProject: hexa:ExpensesProject:0.0.1-SNAPSHOT @ C:\Users\nirmalyas\Downloads\Day38_Part_2\Day38_Part_2\ExpensesProject\pom.xml.
2025-06-02 17:17:59,588 [Worker-5: Updating Maven Dependencies] WARN  o.a.m.r.i.DefaultArtifactDescriptorReader - 1 problem was encountered while building the effective model for org.javassist:javassist:jar:3.18.1-GA during dependency collection step for project (use -X to see details)
2025-06-02 17:18:01,102 [Worker-5: Updating Maven Dependencies] WARN  o.e.m.c.i.embedder.EclipseLogger - The artifact mysql:mysql-connector-java:jar:8.0.31 has been relocated to com.mysql:mysql-connector-j:jar:8.0.31: MySQL Connector/J artifacts moved to reverse-DNS compliant Maven 2+ coordinates.
2025-06-02 17:18:01,369 [Worker-5: Updating Maven Dependencies] WARN  o.e.m.c.i.embedder.EclipseLogger - The artifact mysql:mysql-connector-java:jar:8.0.31 has been relocated to com.mysql:mysql-connector-j:jar:8.0.31: MySQL Connector/J artifacts moved to reverse-DNS compliant Maven 2+ coordinates.
2025-06-02 17:18:29,411 [Worker-13: Building] INFO  o.a.m.s.f.DefaultMavenResourcesFiltering - skip non existing resourceDirectory C:\Users\nirmalyas\Downloads\Day38_Part_2\Day38_Part_2\ExpensesProject\src\main\resources
2025-06-02 17:18:29,417 [Worker-13: Building] INFO  o.a.m.s.f.DefaultMavenResourcesFiltering - skip non existing resourceDirectory C:\Users\nirmalyas\Downloads\Day38_Part_2\Day38_Part_2\ExpensesProject\src\test\resources
2025-06-02 20:35:20,697 [Worker-2: Loading available Gradle versions] INFO  o.e.b.c.i.u.g.PublishedGradleVersions - Gradle version information cache is up-to-date. Trying to read.
2025-06-02 20:35:29,807 [Worker-6: Building] WARN  o.a.m.r.i.DefaultArtifactDescriptorReader - 1 problem was encountered while building the effective model for org.javassist:javassist:jar:3.18.1-GA during dependency collection step for project (use -X to see details)
2025-06-02 20:35:33,704 [Worker-6: Building] WARN  o.e.m.c.i.embedder.EclipseLogger - The artifact mysql:mysql-connector-java:jar:8.0.31 has been relocated to com.mysql:mysql-connector-j:jar:8.0.31: MySQL Connector/J artifacts moved to reverse-DNS compliant Maven 2+ coordinates.
2025-06-02 20:42:08,101 [Worker-19: Updating Maven Dependencies] INFO  o.e.m.c.i.l.LifecycleMappingFactory - Using org.maven.ide.eclipse.wtp.WarLifecycleMapping lifecycle mapping for MavenProject: hexa:ExpensesProject:0.0.1-SNAPSHOT @ C:\Users\nirmalyas\Downloads\Day38_Project_Complete\Day38_Project_Complete\ExpensesProject\pom.xml.
2025-06-02 20:42:08,161 [Worker-19: Updating Maven Dependencies] WARN  o.a.m.r.i.DefaultArtifactDescriptorReader - 1 problem was encountered while building the effective model for org.javassist:javassist:jar:3.18.1-GA during dependency collection step for project (use -X to see details)
2025-06-02 20:42:08,643 [Worker-23: Building] INFO  o.e.m.c.i.l.LifecycleMappingFactory - Using org.maven.ide.eclipse.wtp.WarLifecycleMapping lifecycle mapping for MavenProject: hexa:ExpensesProject:0.0.1-SNAPSHOT @ C:\Users\nirmalyas\Downloads\Day38_Project_Complete\Day38_Project_Complete\ExpensesProject\pom.xml.
2025-06-02 20:42:08,689 [Worker-23: Building] WARN  o.a.m.r.i.DefaultArtifactDescriptorReader - 1 problem was encountered while building the effective model for org.javassist:javassist:jar:3.18.1-GA during dependency collection step for project (use -X to see details)
2025-06-02 20:42:09,738 [Worker-19: Updating Maven Dependencies] WARN  o.e.m.c.i.embedder.EclipseLogger - The artifact mysql:mysql-connector-java:jar:8.0.31 has been relocated to com.mysql:mysql-connector-j:jar:8.0.31: MySQL Connector/J artifacts moved to reverse-DNS compliant Maven 2+ coordinates.
2025-06-02 20:42:09,999 [Worker-23: Building] WARN  o.e.m.c.i.embedder.EclipseLogger - The artifact mysql:mysql-connector-java:jar:8.0.31 has been relocated to com.mysql:mysql-connector-j:jar:8.0.31: MySQL Connector/J artifacts moved to reverse-DNS compliant Maven 2+ coordinates.
2025-06-02 20:42:10,138 [Worker-23: Building] WARN  o.e.m.c.i.embedder.EclipseLogger - The artifact mysql:mysql-connector-java:jar:8.0.31 has been relocated to com.mysql:mysql-connector-j:jar:8.0.31: MySQL Connector/J artifacts moved to reverse-DNS compliant Maven 2+ coordinates.
2025-06-02 20:42:11,349 [Worker-23: Building] INFO  o.a.m.s.f.DefaultMavenResourcesFiltering - skip non existing resourceDirectory C:\Users\nirmalyas\Downloads\Day38_Project_Complete\Day38_Project_Complete\ExpensesProject\src\main\resources
2025-06-02 20:42:11,355 [Worker-23: Building] INFO  o.a.m.s.f.DefaultMavenResourcesFiltering - skip non existing resourceDirectory C:\Users\nirmalyas\Downloads\Day38_Project_Complete\Day38_Project_Complete\ExpensesProject\src\test\resources
2025-06-02 20:42:13,614 [Worker-25: Updating Maven Dependencies] INFO  o.e.m.c.i.l.LifecycleMappingFactory - Using org.maven.ide.eclipse.wtp.WarLifecycleMapping lifecycle mapping for MavenProject: hexa:ExpensesProject:0.0.1-SNAPSHOT @ C:\Users\nirmalyas\Downloads\Day38_Project_Complete\Day38_Project_Complete\ExpensesProject\pom.xml.
2025-06-02 20:42:13,654 [Worker-25: Updating Maven Dependencies] WARN  o.a.m.r.i.DefaultArtifactDescriptorReader - 1 problem was encountered while building the effective model for org.javassist:javassist:jar:3.18.1-GA during dependency collection step for project (use -X to see details)
2025-06-02 20:42:14,879 [Worker-25: Updating Maven Dependencies] WARN  o.e.m.c.i.embedder.EclipseLogger - The artifact mysql:mysql-connector-java:jar:8.0.31 has been relocated to com.mysql:mysql-connector-j:jar:8.0.31: MySQL Connector/J artifacts moved to reverse-DNS compliant Maven 2+ coordinates.
2025-06-02 20:42:18,293 [Worker-25: Updating Maven Dependencies] WARN  o.e.m.c.i.embedder.EclipseLogger - The artifact mysql:mysql-connector-java:jar:8.0.31 has been relocated to com.mysql:mysql-connector-j:jar:8.0.31: MySQL Connector/J artifacts moved to reverse-DNS compliant Maven 2+ coordinates.
2025-06-02 23:02:56,824 [Worker-2: Loading available Gradle versions] INFO  o.e.b.c.i.u.g.PublishedGradleVersions - Gradle version information cache is up-to-date. Trying to read.
2025-06-02 23:03:44,924 [Worker-2: Building] WARN  o.a.m.r.i.DefaultArtifactDescriptorReader - 1 problem was encountered while building the effective model for org.javassist:javassist:jar:3.18.1-GA during dependency collection step for project (use -X to see details)
2025-06-02 23:03:47,425 [Worker-2: Building] WARN  o.e.m.c.i.embedder.EclipseLogger - The artifact mysql:mysql-connector-java:jar:8.0.31 has been relocated to com.mysql:mysql-connector-j:jar:8.0.31: MySQL Connector/J artifacts moved to reverse-DNS compliant Maven 2+ coordinates.
2025-06-02 23:07:42,553 [Worker-14: Building] INFO  o.a.m.s.f.DefaultMavenResourcesFiltering - skip non existing resourceDirectory C:\Users\nirmalyas\Downloads\Day38_Project_Complete\Day38_Project_Complete\ExpensesProject\src\main\resources
2025-06-02 23:07:42,556 [Worker-14: Building] INFO  o.a.m.s.f.DefaultMavenResourcesFiltering - skip non existing resourceDirectory C:\Users\nirmalyas\Downloads\Day38_Project_Complete\Day38_Project_Complete\ExpensesProject\src\test\resources
2025-06-02 23:22:50,200 [Worker-9: Building] INFO  o.a.m.s.f.DefaultMavenResourcesFiltering - skip non existing resourceDirectory C:\Users\nirmalyas\Downloads\Day38_Project_Complete\Day38_Project_Complete\ExpensesProject\src\main\resources
2025-06-02 23:22:50,202 [Worker-9: Building] INFO  o.a.m.s.f.DefaultMavenResourcesFiltering - skip non existing resourceDirectory C:\Users\nirmalyas\Downloads\Day38_Project_Complete\Day38_Project_Complete\ExpensesProject\src\test\resources
2025-06-02 23:23:33,417 [Worker-20: Cleaning all projects] INFO  o.e.m.w.i.f.ResourceFilteringBuildParticipant - Cleaning filtered folder for ExpensesProject
2025-06-02 23:23:33,819 [Worker-4: Building] INFO  o.a.m.s.f.DefaultMavenResourcesFiltering - skip non existing resourceDirectory C:\Users\nirmalyas\Downloads\Day38_Project_Complete\Day38_Project_Complete\ExpensesProject\src\main\resources
2025-06-02 23:23:33,827 [Worker-4: Building] INFO  o.a.m.s.f.DefaultMavenResourcesFiltering - skip non existing resourceDirectory C:\Users\nirmalyas\Downloads\Day38_Project_Complete\Day38_Project_Complete\ExpensesProject\src\test\resources
2025-06-02 23:23:33,827 [Worker-4: Building] INFO  o.e.m.w.i.f.ResourceFilteringBuildParticipant - Changed resources require a complete clean of filtered resources of ExpensesProject
2025-06-02 23:23:33,831 [Worker-4: Building] INFO  o.e.m.w.i.f.ResourceFilteringBuildParticipant - Executing resource filtering for ExpensesProject
2025-06-02 23:31:19,289 [Worker-13: Updating Maven Dependencies] INFO  o.e.m.c.i.l.LifecycleMappingFactory - Using org.maven.ide.eclipse.wtp.WarLifecycleMapping lifecycle mapping for MavenProject: hexa:ExpensesProject:0.0.1-SNAPSHOT @ C:\Users\nirmalyas\Downloads\Day38_Project_Complete\Day38_Project_Complete\ExpensesProject\pom.xml.
2025-06-02 23:31:19,349 [Worker-13: Updating Maven Dependencies] WARN  o.a.m.r.i.DefaultArtifactDescriptorReader - 1 problem was encountered while building the effective model for org.javassist:javassist:jar:3.18.1-GA during dependency collection step for project (use -X to see details)
2025-06-02 23:31:19,774 [Worker-21: Building] INFO  o.e.m.c.i.l.LifecycleMappingFactory - Using org.maven.ide.eclipse.wtp.WarLifecycleMapping lifecycle mapping for MavenProject: hexa:ExpensesProject:0.0.1-SNAPSHOT @ C:\Users\nirmalyas\Downloads\Day38_Project_Complete\Day38_Project_Complete\ExpensesProject\pom.xml.
2025-06-02 23:31:19,821 [Worker-21: Building] WARN  o.a.m.r.i.DefaultArtifactDescriptorReader - 1 problem was encountered while building the effective model for org.javassist:javassist:jar:3.18.1-GA during dependency collection step for project (use -X to see details)
2025-06-02 23:31:20,896 [Worker-13: Updating Maven Dependencies] WARN  o.e.m.c.i.embedder.EclipseLogger - The artifact mysql:mysql-connector-java:jar:8.0.31 has been relocated to com.mysql:mysql-connector-j:jar:8.0.31: MySQL Connector/J artifacts moved to reverse-DNS compliant Maven 2+ coordinates.
2025-06-02 23:31:21,295 [Worker-21: Building] WARN  o.e.m.c.i.embedder.EclipseLogger - The artifact mysql:mysql-connector-java:jar:8.0.31 has been relocated to com.mysql:mysql-connector-j:jar:8.0.31: MySQL Connector/J artifacts moved to reverse-DNS compliant Maven 2+ coordinates.
2025-06-02 23:31:21,425 [Worker-21: Building] WARN  o.e.m.c.i.embedder.EclipseLogger - The artifact mysql:mysql-connector-java:jar:8.0.31 has been relocated to com.mysql:mysql-connector-j:jar:8.0.31: MySQL Connector/J artifacts moved to reverse-DNS compliant Maven 2+ coordinates.
2025-06-02 23:31:22,314 [Worker-21: Building] INFO  o.a.m.s.f.DefaultMavenResourcesFiltering - skip non existing resourceDirectory C:\Users\nirmalyas\Downloads\Day38_Project_Complete\Day38_Project_Complete\ExpensesProject\src\main\resources
2025-06-02 23:31:22,318 [Worker-21: Building] INFO  o.a.m.s.f.DefaultMavenResourcesFiltering - skip non existing resourceDirectory C:\Users\nirmalyas\Downloads\Day38_Project_Complete\Day38_Project_Complete\ExpensesProject\src\test\resources
2025-06-02 23:31:24,555 [Worker-13: Updating Maven Dependencies] INFO  o.e.m.c.i.l.LifecycleMappingFactory - Using org.maven.ide.eclipse.wtp.WarLifecycleMapping lifecycle mapping for MavenProject: hexa:ExpensesProject:0.0.1-SNAPSHOT @ C:\Users\nirmalyas\Downloads\Day38_Project_Complete\Day38_Project_Complete\ExpensesProject\pom.xml.
2025-06-02 23:31:24,598 [Worker-13: Updating Maven Dependencies] WARN  o.a.m.r.i.DefaultArtifactDescriptorReader - 1 problem was encountered while building the effective model for org.javassist:javassist:jar:3.18.1-GA during dependency collection step for project (use -X to see details)
2025-06-02 23:31:25,743 [Worker-13: Updating Maven Dependencies] WARN  o.e.m.c.i.embedder.EclipseLogger - The artifact mysql:mysql-connector-java:jar:8.0.31 has been relocated to com.mysql:mysql-connector-j:jar:8.0.31: MySQL Connector/J artifacts moved to reverse-DNS compliant Maven 2+ coordinates.
2025-06-02 23:31:28,950 [Worker-13: Updating Maven Dependencies] WARN  o.e.m.c.i.embedder.EclipseLogger - The artifact mysql:mysql-connector-java:jar:8.0.31 has been relocated to com.mysql:mysql-connector-j:jar:8.0.31: MySQL Connector/J artifacts moved to reverse-DNS compliant Maven 2+ coordinates.
2025-06-02 23:31:47,608 [Worker-17: Building] INFO  o.a.m.s.f.DefaultMavenResourcesFiltering - skip non existing resourceDirectory C:\Users\nirmalyas\Downloads\Day38_Project_Complete\Day38_Project_Complete\ExpensesProject\src\main\resources
2025-06-02 23:31:47,610 [Worker-17: Building] INFO  o.a.m.s.f.DefaultMavenResourcesFiltering - skip non existing resourceDirectory C:\Users\nirmalyas\Downloads\Day38_Project_Complete\Day38_Project_Complete\ExpensesProject\src\test\resources
2025-06-02 23:35:22,310 [Worker-20: Updating Maven Project] INFO  o.e.m.c.i.p.ProjectConfigurationManager - Update started
2025-06-02 23:35:22,543 [Worker-20: Updating Maven Project] INFO  o.e.m.c.i.l.LifecycleMappingFactory - Using org.maven.ide.eclipse.wtp.WarLifecycleMapping lifecycle mapping for MavenProject: hexa:ExpensesProject:0.0.1-SNAPSHOT @ C:\Users\nirmalyas\Downloads\Day38_Project_Complete\Day38_Project_Complete\ExpensesProject\pom.xml.
2025-06-02 23:35:22,566 [Worker-20: Updating Maven Project] WARN  o.a.m.r.i.DefaultArtifactDescriptorReader - 1 problem was encountered while building the effective model for org.javassist:javassist:jar:3.18.1-GA during dependency collection step for project (use -X to see details)
2025-06-02 23:35:23,402 [Worker-20: Updating Maven Project] WARN  o.e.m.c.i.embedder.EclipseLogger - The artifact mysql:mysql-connector-java:jar:8.0.31 has been relocated to com.mysql:mysql-connector-j:jar:8.0.31: MySQL Connector/J artifacts moved to reverse-DNS compliant Maven 2+ coordinates.
2025-06-02 23:35:23,987 [Worker-20: Updating Maven Project] INFO  o.e.m.j.i.AbstractJavaProjectConfigurator - Adding source folder /ExpensesProject/src/main/java
2025-06-02 23:35:23,992 [Worker-20: Updating Maven Project] INFO  o.e.m.j.i.AbstractJavaProjectConfigurator - Adding resource folder /ExpensesProject/src/main/resources
2025-06-02 23:35:23,994 [Worker-20: Updating Maven Project] INFO  o.e.m.j.i.AbstractJavaProjectConfigurator - Adding source folder /ExpensesProject/src/test/java
2025-06-02 23:35:23,995 [Worker-20: Updating Maven Project] INFO  o.e.m.j.i.AbstractJavaProjectConfigurator - Adding resource folder /ExpensesProject/src/test/resources
2025-06-02 23:35:24,317 [Worker-20: Updating Maven Project] INFO  o.e.m.w.i.f.ResourceFilteringBuildParticipant - Cleaning filtered folder for ExpensesProject
2025-06-02 23:35:24,337 [Worker-20: Updating Maven Project] INFO  o.e.m.c.i.p.ProjectConfigurationManager - Update completed for 1 poms: local refresh takes 0.00 sec, refresh facades takes 1.00 sec, update config takes 0.00 sec 
2025-06-02 23:35:24,634 [Worker-6: Building] INFO  o.a.m.s.f.DefaultMavenResourcesFiltering - skip non existing resourceDirectory C:\Users\nirmalyas\Downloads\Day38_Project_Complete\Day38_Project_Complete\ExpensesProject\src\main\resources
2025-06-02 23:35:24,638 [Worker-6: Building] INFO  o.a.m.s.f.DefaultMavenResourcesFiltering - skip non existing resourceDirectory C:\Users\nirmalyas\Downloads\Day38_Project_Complete\Day38_Project_Complete\ExpensesProject\src\test\resources
2025-06-02 23:35:24,639 [Worker-6: Building] INFO  o.e.m.w.i.f.ResourceFilteringBuildParticipant - Changed resources require a complete clean of filtered resources of ExpensesProject
2025-06-02 23:35:24,639 [Worker-6: Building] INFO  o.e.m.w.i.f.ResourceFilteringBuildParticipant - Executing resource filtering for ExpensesProject
2025-06-03 01:10:05,662 [Worker-27: Updating Maven Dependencies] INFO  o.e.m.c.i.l.LifecycleMappingFactory - Using org.maven.ide.eclipse.wtp.WarLifecycleMapping lifecycle mapping for MavenProject: infinite:ExpensesProject:0.0.1-SNAPSHOT @ C:\Users\nirmalyas\Downloads\ExpensesProject\ExpensesProject\pom.xml.
2025-06-03 01:10:05,735 [Worker-27: Updating Maven Dependencies] WARN  o.a.m.r.i.DefaultArtifactDescriptorReader - 1 problem was encountered while building the effective model for org.javassist:javassist:jar:3.18.1-GA during dependency collection step for project (use -X to see details)
2025-06-03 01:10:06,047 [Worker-26: Building] INFO  o.e.m.c.i.l.LifecycleMappingFactory - Using org.maven.ide.eclipse.wtp.WarLifecycleMapping lifecycle mapping for MavenProject: infinite:ExpensesProject:0.0.1-SNAPSHOT @ C:\Users\nirmalyas\Downloads\ExpensesProject\ExpensesProject\pom.xml.
2025-06-03 01:10:06,087 [Worker-26: Building] WARN  o.a.m.r.i.DefaultArtifactDescriptorReader - 1 problem was encountered while building the effective model for org.javassist:javassist:jar:3.18.1-GA during dependency collection step for project (use -X to see details)
2025-06-03 01:10:07,464 [Worker-27: Updating Maven Dependencies] WARN  o.e.m.c.i.embedder.EclipseLogger - The artifact mysql:mysql-connector-java:jar:8.0.31 has been relocated to com.mysql:mysql-connector-j:jar:8.0.31: MySQL Connector/J artifacts moved to reverse-DNS compliant Maven 2+ coordinates.
2025-06-03 01:10:07,489 [Worker-26: Building] WARN  o.e.m.c.i.embedder.EclipseLogger - The artifact mysql:mysql-connector-java:jar:8.0.31 has been relocated to com.mysql:mysql-connector-j:jar:8.0.31: MySQL Connector/J artifacts moved to reverse-DNS compliant Maven 2+ coordinates.
2025-06-03 01:10:07,602 [Worker-26: Building] WARN  o.e.m.c.i.embedder.EclipseLogger - The artifact mysql:mysql-connector-java:jar:8.0.31 has been relocated to com.mysql:mysql-connector-j:jar:8.0.31: MySQL Connector/J artifacts moved to reverse-DNS compliant Maven 2+ coordinates.
2025-06-03 01:10:08,634 [Worker-26: Building] INFO  o.a.m.s.f.DefaultMavenResourcesFiltering - skip non existing resourceDirectory C:\Users\nirmalyas\Downloads\ExpensesProject\ExpensesProject\src\main\resources
2025-06-03 01:10:08,638 [Worker-26: Building] INFO  o.a.m.s.f.DefaultMavenResourcesFiltering - skip non existing resourceDirectory C:\Users\nirmalyas\Downloads\ExpensesProject\ExpensesProject\src\test\resources
2025-06-03 01:10:11,229 [Worker-8: Updating Maven Dependencies] INFO  o.e.m.c.i.l.LifecycleMappingFactory - Using org.maven.ide.eclipse.wtp.WarLifecycleMapping lifecycle mapping for MavenProject: infinite:ExpensesProject:0.0.1-SNAPSHOT @ C:\Users\nirmalyas\Downloads\ExpensesProject\ExpensesProject\pom.xml.
2025-06-03 01:10:11,258 [Worker-8: Updating Maven Dependencies] WARN  o.a.m.r.i.DefaultArtifactDescriptorReader - 1 problem was encountered while building the effective model for org.javassist:javassist:jar:3.18.1-GA during dependency collection step for project (use -X to see details)
2025-06-03 01:10:12,089 [Worker-8: Updating Maven Dependencies] WARN  o.e.m.c.i.embedder.EclipseLogger - The artifact mysql:mysql-connector-java:jar:8.0.31 has been relocated to com.mysql:mysql-connector-j:jar:8.0.31: MySQL Connector/J artifacts moved to reverse-DNS compliant Maven 2+ coordinates.
2025-06-03 01:10:15,211 [Worker-8: Updating Maven Dependencies] WARN  o.e.m.c.i.embedder.EclipseLogger - The artifact mysql:mysql-connector-java:jar:8.0.31 has been relocated to com.mysql:mysql-connector-j:jar:8.0.31: MySQL Connector/J artifacts moved to reverse-DNS compliant Maven 2+ coordinates.
2025-06-03 01:15:02,014 [Worker-23: Building] INFO  o.a.m.s.f.DefaultMavenResourcesFiltering - skip non existing resourceDirectory C:\Users\nirmalyas\Downloads\ExpensesProject\ExpensesProject\src\main\resources
2025-06-03 01:15:02,017 [Worker-23: Building] INFO  o.a.m.s.f.DefaultMavenResourcesFiltering - skip non existing resourceDirectory C:\Users\nirmalyas\Downloads\ExpensesProject\ExpensesProject\src\test\resources
2025-06-03 01:21:06,121 [Worker-8: Building] INFO  o.e.m.c.i.l.LifecycleMappingFactory - Using org.maven.ide.eclipse.wtp.WarLifecycleMapping lifecycle mapping for MavenProject: infinite:ExpensesProject:0.0.1-SNAPSHOT @ C:\Users\nirmalyas\Downloads\ExpensesProject\ExpensesProject\pom.xml.
2025-06-03 01:21:06,150 [Worker-8: Building] WARN  o.a.m.r.i.DefaultArtifactDescriptorReader - 1 problem was encountered while building the effective model for org.javassist:javassist:jar:3.18.1-GA during dependency collection step for project (use -X to see details)
2025-06-03 01:21:07,112 [Worker-8: Building] WARN  o.e.m.c.i.embedder.EclipseLogger - The artifact mysql:mysql-connector-java:jar:8.0.31 has been relocated to com.mysql:mysql-connector-j:jar:8.0.31: MySQL Connector/J artifacts moved to reverse-DNS compliant Maven 2+ coordinates.
2025-06-03 01:21:07,960 [Worker-8: Building] INFO  o.a.m.s.f.DefaultMavenResourcesFiltering - skip non existing resourceDirectory C:\Users\nirmalyas\Downloads\ExpensesProject\ExpensesProject\src\main\resources
2025-06-03 01:21:07,964 [Worker-8: Building] INFO  o.a.m.s.f.DefaultMavenResourcesFiltering - skip non existing resourceDirectory C:\Users\nirmalyas\Downloads\ExpensesProject\ExpensesProject\src\test\resources
2025-06-03 01:21:08,844 [Worker-25: Updating Maven Dependencies] INFO  o.e.m.c.i.l.LifecycleMappingFactory - Using org.maven.ide.eclipse.wtp.WarLifecycleMapping lifecycle mapping for MavenProject: infinite:ExpensesProject:0.0.1-SNAPSHOT @ C:\Users\nirmalyas\Downloads\ExpensesProject\ExpensesProject\pom.xml.
2025-06-03 01:21:08,878 [Worker-25: Updating Maven Dependencies] WARN  o.a.m.r.i.DefaultArtifactDescriptorReader - 1 problem was encountered while building the effective model for org.javassist:javassist:jar:3.18.1-GA during dependency collection step for project (use -X to see details)
2025-06-03 01:21:09,795 [Worker-25: Updating Maven Dependencies] WARN  o.e.m.c.i.embedder.EclipseLogger - The artifact mysql:mysql-connector-java:jar:8.0.31 has been relocated to com.mysql:mysql-connector-j:jar:8.0.31: MySQL Connector/J artifacts moved to reverse-DNS compliant Maven 2+ coordinates.
2025-06-03 01:21:19,654 [Worker-3: Building] INFO  o.a.m.s.f.DefaultMavenResourcesFiltering - skip non existing resourceDirectory C:\Users\nirmalyas\Downloads\ExpensesProject\ExpensesProject\src\main\resources
2025-06-03 01:21:19,659 [Worker-3: Building] INFO  o.a.m.s.f.DefaultMavenResourcesFiltering - skip non existing resourceDirectory C:\Users\nirmalyas\Downloads\ExpensesProject\ExpensesProject\src\test\resources
2025-06-03 01:21:19,659 [Worker-3: Building] INFO  o.e.m.w.i.f.ResourceFilteringBuildParticipant - Changed resources require a complete clean of filtered resources of ExpensesProject
2025-06-03 01:21:19,659 [Worker-3: Building] INFO  o.e.m.w.i.f.ResourceFilteringBuildParticipant - Executing resource filtering for ExpensesProject
2025-06-03 01:25:29,561 [Worker-3: Building] INFO  o.a.m.s.f.DefaultMavenResourcesFiltering - skip non existing resourceDirectory C:\Users\nirmalyas\Downloads\ExpensesProject\ExpensesProject\src\main\resources
2025-06-03 01:25:29,566 [Worker-3: Building] INFO  o.a.m.s.f.DefaultMavenResourcesFiltering - skip non existing resourceDirectory C:\Users\nirmalyas\Downloads\ExpensesProject\ExpensesProject\src\test\resources
2025-06-03 01:25:34,209 [Worker-26: Building] INFO  o.a.m.s.f.DefaultMavenResourcesFiltering - skip non existing resourceDirectory C:\Users\nirmalyas\Downloads\ExpensesProject\ExpensesProject\src\main\resources
2025-06-03 01:25:34,211 [Worker-26: Building] INFO  o.a.m.s.f.DefaultMavenResourcesFiltering - skip non existing resourceDirectory C:\Users\nirmalyas\Downloads\ExpensesProject\ExpensesProject\src\test\resources
2025-06-03 01:28:15,492 [Worker-19: Building] INFO  o.a.m.s.f.DefaultMavenResourcesFiltering - skip non existing resourceDirectory C:\Users\nirmalyas\Downloads\ExpensesProject\ExpensesProject\src\main\resources
2025-06-03 01:28:15,493 [Worker-19: Building] INFO  o.a.m.s.f.DefaultMavenResourcesFiltering - skip non existing resourceDirectory C:\Users\nirmalyas\Downloads\ExpensesProject\ExpensesProject\src\test\resources
2025-06-03 01:30:36,128 [Worker-3: Building] INFO  o.a.m.s.f.DefaultMavenResourcesFiltering - skip non existing resourceDirectory C:\Users\nirmalyas\Downloads\ExpensesProject\ExpensesProject\src\main\resources
2025-06-03 01:30:36,131 [Worker-3: Building] INFO  o.a.m.s.f.DefaultMavenResourcesFiltering - skip non existing resourceDirectory C:\Users\nirmalyas\Downloads\ExpensesProject\ExpensesProject\src\test\resources
2025-06-03 01:31:27,664 [Worker-27: Building] INFO  o.a.m.s.f.DefaultMavenResourcesFiltering - skip non existing resourceDirectory C:\Users\nirmalyas\Downloads\ExpensesProject\ExpensesProject\src\main\resources
2025-06-03 01:31:27,693 [Worker-27: Building] INFO  o.a.m.s.f.DefaultMavenResourcesFiltering - skip non existing resourceDirectory C:\Users\nirmalyas\Downloads\ExpensesProject\ExpensesProject\src\test\resources
2025-06-03 01:31:57,544 [Worker-24: Building] INFO  o.a.m.s.f.DefaultMavenResourcesFiltering - skip non existing resourceDirectory C:\Users\nirmalyas\Downloads\ExpensesProject\ExpensesProject\src\main\resources
2025-06-03 01:31:57,546 [Worker-24: Building] INFO  o.a.m.s.f.DefaultMavenResourcesFiltering - skip non existing resourceDirectory C:\Users\nirmalyas\Downloads\ExpensesProject\ExpensesProject\src\test\resources
2025-06-03 01:32:20,868 [Worker-19: Building] INFO  o.a.m.s.f.DefaultMavenResourcesFiltering - skip non existing resourceDirectory C:\Users\nirmalyas\Downloads\ExpensesProject\ExpensesProject\src\main\resources
2025-06-03 01:32:20,869 [Worker-19: Building] INFO  o.a.m.s.f.DefaultMavenResourcesFiltering - skip non existing resourceDirectory C:\Users\nirmalyas\Downloads\ExpensesProject\ExpensesProject\src\test\resources
2025-06-03 01:35:25,340 [Worker-8: Building] INFO  o.a.m.s.f.DefaultMavenResourcesFiltering - skip non existing resourceDirectory C:\Users\nirmalyas\Downloads\ExpensesProject\ExpensesProject\src\main\resources
2025-06-03 01:35:25,342 [Worker-8: Building] INFO  o.a.m.s.f.DefaultMavenResourcesFiltering - skip non existing resourceDirectory C:\Users\nirmalyas\Downloads\ExpensesProject\ExpensesProject\src\test\resources
2025-06-03 01:36:44,310 [Worker-3: Building] INFO  o.a.m.s.f.DefaultMavenResourcesFiltering - skip non existing resourceDirectory C:\Users\nirmalyas\Downloads\ExpensesProject\ExpensesProject\src\main\resources
2025-06-03 01:36:44,310 [Worker-3: Building] INFO  o.a.m.s.f.DefaultMavenResourcesFiltering - skip non existing resourceDirectory C:\Users\nirmalyas\Downloads\ExpensesProject\ExpensesProject\src\test\resources
2025-06-03 01:37:11,137 [Worker-24: Building] INFO  o.a.m.s.f.DefaultMavenResourcesFiltering - skip non existing resourceDirectory C:\Users\nirmalyas\Downloads\ExpensesProject\ExpensesProject\src\main\resources
2025-06-03 01:37:11,138 [Worker-24: Building] INFO  o.a.m.s.f.DefaultMavenResourcesFiltering - skip non existing resourceDirectory C:\Users\nirmalyas\Downloads\ExpensesProject\ExpensesProject\src\test\resources
2025-06-03 01:38:28,061 [Worker-27: Building] INFO  o.a.m.s.f.DefaultMavenResourcesFiltering - skip non existing resourceDirectory C:\Users\nirmalyas\Downloads\ExpensesProject\ExpensesProject\src\main\resources
2025-06-03 01:38:28,062 [Worker-27: Building] INFO  o.a.m.s.f.DefaultMavenResourcesFiltering - skip non existing resourceDirectory C:\Users\nirmalyas\Downloads\ExpensesProject\ExpensesProject\src\test\resources
2025-06-03 01:39:16,152 [Worker-8: Building] INFO  o.a.m.s.f.DefaultMavenResourcesFiltering - skip non existing resourceDirectory C:\Users\nirmalyas\Downloads\ExpensesProject\ExpensesProject\src\main\resources
2025-06-03 01:39:16,155 [Worker-8: Building] INFO  o.a.m.s.f.DefaultMavenResourcesFiltering - skip non existing resourceDirectory C:\Users\nirmalyas\Downloads\ExpensesProject\ExpensesProject\src\test\resources
2025-06-03 01:39:35,192 [Worker-8: Building] INFO  o.a.m.s.f.DefaultMavenResourcesFiltering - skip non existing resourceDirectory C:\Users\nirmalyas\Downloads\ExpensesProject\ExpensesProject\src\main\resources
2025-06-03 01:39:35,192 [Worker-8: Building] INFO  o.a.m.s.f.DefaultMavenResourcesFiltering - skip non existing resourceDirectory C:\Users\nirmalyas\Downloads\ExpensesProject\ExpensesProject\src\test\resources
2025-06-03 01:40:12,114 [Worker-25: Building] INFO  o.a.m.s.f.DefaultMavenResourcesFiltering - skip non existing resourceDirectory C:\Users\nirmalyas\Downloads\ExpensesProject\ExpensesProject\src\main\resources
2025-06-03 01:40:12,117 [Worker-25: Building] INFO  o.a.m.s.f.DefaultMavenResourcesFiltering - skip non existing resourceDirectory C:\Users\nirmalyas\Downloads\ExpensesProject\ExpensesProject\src\test\resources
2025-06-03 01:41:12,712 [Worker-8: Building] INFO  o.a.m.s.f.DefaultMavenResourcesFiltering - skip non existing resourceDirectory C:\Users\nirmalyas\Downloads\ExpensesProject\ExpensesProject\src\main\resources
2025-06-03 01:41:12,712 [Worker-8: Building] INFO  o.a.m.s.f.DefaultMavenResourcesFiltering - skip non existing resourceDirectory C:\Users\nirmalyas\Downloads\ExpensesProject\ExpensesProject\src\test\resources
2025-06-03 01:41:31,850 [Worker-26: Building] INFO  o.a.m.s.f.DefaultMavenResourcesFiltering - skip non existing resourceDirectory C:\Users\nirmalyas\Downloads\ExpensesProject\ExpensesProject\src\main\resources
2025-06-03 01:41:31,851 [Worker-26: Building] INFO  o.a.m.s.f.DefaultMavenResourcesFiltering - skip non existing resourceDirectory C:\Users\nirmalyas\Downloads\ExpensesProject\ExpensesProject\src\test\resources
2025-06-03 01:42:22,749 [Worker-23: Building] INFO  o.a.m.s.f.DefaultMavenResourcesFiltering - skip non existing resourceDirectory C:\Users\nirmalyas\Downloads\ExpensesProject\ExpensesProject\src\main\resources
2025-06-03 01:42:22,750 [Worker-23: Building] INFO  o.a.m.s.f.DefaultMavenResourcesFiltering - skip non existing resourceDirectory C:\Users\nirmalyas\Downloads\ExpensesProject\ExpensesProject\src\test\resources
2025-06-03 01:43:26,729 [Worker-23: Building] INFO  o.a.m.s.f.DefaultMavenResourcesFiltering - skip non existing resourceDirectory C:\Users\nirmalyas\Downloads\ExpensesProject\ExpensesProject\src\main\resources
2025-06-03 01:43:26,730 [Worker-23: Building] INFO  o.a.m.s.f.DefaultMavenResourcesFiltering - skip non existing resourceDirectory C:\Users\nirmalyas\Downloads\ExpensesProject\ExpensesProject\src\test\resources
2025-06-03 01:43:33,723 [Worker-24: Building] INFO  o.a.m.s.f.DefaultMavenResourcesFiltering - skip non existing resourceDirectory C:\Users\nirmalyas\Downloads\ExpensesProject\ExpensesProject\src\main\resources
2025-06-03 01:43:33,725 [Worker-24: Building] INFO  o.a.m.s.f.DefaultMavenResourcesFiltering - skip non existing resourceDirectory C:\Users\nirmalyas\Downloads\ExpensesProject\ExpensesProject\src\test\resources
2025-06-03 01:44:53,860 [Worker-19: Building] INFO  o.a.m.s.f.DefaultMavenResourcesFiltering - skip non existing resourceDirectory C:\Users\nirmalyas\Downloads\ExpensesProject\ExpensesProject\src\main\resources
2025-06-03 01:44:53,862 [Worker-19: Building] INFO  o.a.m.s.f.DefaultMavenResourcesFiltering - skip non existing resourceDirectory C:\Users\nirmalyas\Downloads\ExpensesProject\ExpensesProject\src\test\resources
2025-06-03 01:45:05,319 [Worker-25: Building] INFO  o.a.m.s.f.DefaultMavenResourcesFiltering - skip non existing resourceDirectory C:\Users\nirmalyas\Downloads\ExpensesProject\ExpensesProject\src\main\resources
2025-06-03 01:45:05,320 [Worker-25: Building] INFO  o.a.m.s.f.DefaultMavenResourcesFiltering - skip non existing resourceDirectory C:\Users\nirmalyas\Downloads\ExpensesProject\ExpensesProject\src\test\resources
2025-06-03 01:45:39,376 [Worker-23: Building] INFO  o.a.m.s.f.DefaultMavenResourcesFiltering - skip non existing resourceDirectory C:\Users\nirmalyas\Downloads\ExpensesProject\ExpensesProject\src\main\resources
2025-06-03 01:45:39,378 [Worker-23: Building] INFO  o.a.m.s.f.DefaultMavenResourcesFiltering - skip non existing resourceDirectory C:\Users\nirmalyas\Downloads\ExpensesProject\ExpensesProject\src\test\resources
2025-06-03 01:48:37,664 [Worker-31: Building] INFO  o.a.m.s.f.DefaultMavenResourcesFiltering - skip non existing resourceDirectory C:\Users\nirmalyas\Downloads\ExpensesProject\ExpensesProject\src\main\resources
2025-06-03 01:48:37,667 [Worker-31: Building] INFO  o.a.m.s.f.DefaultMavenResourcesFiltering - skip non existing resourceDirectory C:\Users\nirmalyas\Downloads\ExpensesProject\ExpensesProject\src\test\resources
2025-06-03 01:49:22,335 [Worker-32: Building] INFO  o.a.m.s.f.DefaultMavenResourcesFiltering - skip non existing resourceDirectory C:\Users\nirmalyas\Downloads\ExpensesProject\ExpensesProject\src\main\resources
2025-06-03 01:49:22,337 [Worker-32: Building] INFO  o.a.m.s.f.DefaultMavenResourcesFiltering - skip non existing resourceDirectory C:\Users\nirmalyas\Downloads\ExpensesProject\ExpensesProject\src\test\resources
2025-06-03 01:50:37,824 [Worker-3: Building] INFO  o.a.m.s.f.DefaultMavenResourcesFiltering - skip non existing resourceDirectory C:\Users\nirmalyas\Downloads\ExpensesProject\ExpensesProject\src\main\resources
2025-06-03 01:50:37,825 [Worker-3: Building] INFO  o.a.m.s.f.DefaultMavenResourcesFiltering - skip non existing resourceDirectory C:\Users\nirmalyas\Downloads\ExpensesProject\ExpensesProject\src\test\resources
2025-06-03 01:57:11,474 [Worker-33: Building] INFO  o.a.m.s.f.DefaultMavenResourcesFiltering - skip non existing resourceDirectory C:\Users\nirmalyas\Downloads\ExpensesProject\ExpensesProject\src\main\resources
2025-06-03 01:57:11,475 [Worker-33: Building] INFO  o.a.m.s.f.DefaultMavenResourcesFiltering - skip non existing resourceDirectory C:\Users\nirmalyas\Downloads\ExpensesProject\ExpensesProject\src\test\resources
2025-06-03 01:59:25,477 [Worker-3: Building] INFO  o.a.m.s.f.DefaultMavenResourcesFiltering - skip non existing resourceDirectory C:\Users\nirmalyas\Downloads\ExpensesProject\ExpensesProject\src\main\resources
2025-06-03 01:59:25,480 [Worker-3: Building] INFO  o.a.m.s.f.DefaultMavenResourcesFiltering - skip non existing resourceDirectory C:\Users\nirmalyas\Downloads\ExpensesProject\ExpensesProject\src\test\resources
2025-06-03 02:00:54,495 [Worker-35: Building] INFO  o.a.m.s.f.DefaultMavenResourcesFiltering - skip non existing resourceDirectory C:\Users\nirmalyas\Downloads\ExpensesProject\ExpensesProject\src\main\resources
2025-06-03 02:00:54,496 [Worker-35: Building] INFO  o.a.m.s.f.DefaultMavenResourcesFiltering - skip non existing resourceDirectory C:\Users\nirmalyas\Downloads\ExpensesProject\ExpensesProject\src\test\resources
2025-06-03 02:02:31,001 [Worker-33: Building] INFO  o.a.m.s.f.DefaultMavenResourcesFiltering - skip non existing resourceDirectory C:\Users\nirmalyas\Downloads\ExpensesProject\ExpensesProject\src\main\resources
2025-06-03 02:02:31,002 [Worker-33: Building] INFO  o.a.m.s.f.DefaultMavenResourcesFiltering - skip non existing resourceDirectory C:\Users\nirmalyas\Downloads\ExpensesProject\ExpensesProject\src\test\resources
2025-06-03 02:03:18,374 [Worker-30: Building] INFO  o.a.m.s.f.DefaultMavenResourcesFiltering - skip non existing resourceDirectory C:\Users\nirmalyas\Downloads\ExpensesProject\ExpensesProject\src\main\resources
2025-06-03 02:03:18,375 [Worker-30: Building] INFO  o.a.m.s.f.DefaultMavenResourcesFiltering - skip non existing resourceDirectory C:\Users\nirmalyas\Downloads\ExpensesProject\ExpensesProject\src\test\resources
2025-06-03 02:04:23,761 [Worker-35: Building] INFO  o.a.m.s.f.DefaultMavenResourcesFiltering - skip non existing resourceDirectory C:\Users\nirmalyas\Downloads\ExpensesProject\ExpensesProject\src\main\resources
2025-06-03 02:04:23,763 [Worker-35: Building] INFO  o.a.m.s.f.DefaultMavenResourcesFiltering - skip non existing resourceDirectory C:\Users\nirmalyas\Downloads\ExpensesProject\ExpensesProject\src\test\resources
2025-06-03 02:07:45,388 [Worker-34: Building] INFO  o.a.m.s.f.DefaultMavenResourcesFiltering - skip non existing resourceDirectory C:\Users\nirmalyas\Downloads\ExpensesProject\ExpensesProject\src\main\resources
2025-06-03 02:07:45,390 [Worker-34: Building] INFO  o.a.m.s.f.DefaultMavenResourcesFiltering - skip non existing resourceDirectory C:\Users\nirmalyas\Downloads\ExpensesProject\ExpensesProject\src\test\resources
2025-06-03 02:09:10,329 [Worker-35: Building] INFO  o.a.m.s.f.DefaultMavenResourcesFiltering - skip non existing resourceDirectory C:\Users\nirmalyas\Downloads\ExpensesProject\ExpensesProject\src\main\resources
2025-06-03 02:09:10,331 [Worker-35: Building] INFO  o.a.m.s.f.DefaultMavenResourcesFiltering - skip non existing resourceDirectory C:\Users\nirmalyas\Downloads\ExpensesProject\ExpensesProject\src\test\resources
2025-06-03 02:11:26,722 [Worker-35: Building] INFO  o.a.m.s.f.DefaultMavenResourcesFiltering - skip non existing resourceDirectory C:\Users\nirmalyas\Downloads\ExpensesProject\ExpensesProject\src\main\resources
2025-06-03 02:11:26,723 [Worker-35: Building] INFO  o.a.m.s.f.DefaultMavenResourcesFiltering - skip non existing resourceDirectory C:\Users\nirmalyas\Downloads\ExpensesProject\ExpensesProject\src\test\resources
2025-06-03 02:13:02,172 [Worker-30: Building] INFO  o.a.m.s.f.DefaultMavenResourcesFiltering - skip non existing resourceDirectory C:\Users\nirmalyas\Downloads\ExpensesProject\ExpensesProject\src\main\resources
2025-06-03 02:13:02,174 [Worker-30: Building] INFO  o.a.m.s.f.DefaultMavenResourcesFiltering - skip non existing resourceDirectory C:\Users\nirmalyas\Downloads\ExpensesProject\ExpensesProject\src\test\resources
2025-06-03 02:43:44,488 [Worker-35: Building] INFO  o.a.m.s.f.DefaultMavenResourcesFiltering - skip non existing resourceDirectory C:\Users\nirmalyas\Downloads\ExpensesProject\ExpensesProject\src\main\resources
2025-06-03 02:43:44,491 [Worker-35: Building] INFO  o.a.m.s.f.DefaultMavenResourcesFiltering - skip non existing resourceDirectory C:\Users\nirmalyas\Downloads\ExpensesProject\ExpensesProject\src\test\resources
2025-06-03 02:46:37,597 [Worker-37: Building] INFO  o.a.m.s.f.DefaultMavenResourcesFiltering - skip non existing resourceDirectory C:\Users\nirmalyas\Downloads\ExpensesProject\ExpensesProject\src\main\resources
2025-06-03 02:46:37,599 [Worker-37: Building] INFO  o.a.m.s.f.DefaultMavenResourcesFiltering - skip non existing resourceDirectory C:\Users\nirmalyas\Downloads\ExpensesProject\ExpensesProject\src\test\resources
2025-06-03 02:47:02,412 [Worker-37: Building] INFO  o.a.m.s.f.DefaultMavenResourcesFiltering - skip non existing resourceDirectory C:\Users\nirmalyas\Downloads\ExpensesProject\ExpensesProject\src\main\resources
2025-06-03 02:47:02,413 [Worker-37: Building] INFO  o.a.m.s.f.DefaultMavenResourcesFiltering - skip non existing resourceDirectory C:\Users\nirmalyas\Downloads\ExpensesProject\ExpensesProject\src\test\resources
2025-06-03 02:47:21,844 [Worker-31: Building] INFO  o.a.m.s.f.DefaultMavenResourcesFiltering - skip non existing resourceDirectory C:\Users\nirmalyas\Downloads\ExpensesProject\ExpensesProject\src\main\resources
2025-06-03 02:47:21,845 [Worker-31: Building] INFO  o.a.m.s.f.DefaultMavenResourcesFiltering - skip non existing resourceDirectory C:\Users\nirmalyas\Downloads\ExpensesProject\ExpensesProject\src\test\resources
2025-06-03 02:54:01,726 [Worker-8: Loading available Gradle versions] INFO  o.e.b.c.i.u.g.PublishedGradleVersions - Gradle version information cache is up-to-date. Trying to read.
2025-06-03 02:54:21,182 [Worker-21: Building] INFO  o.e.m.c.i.l.LifecycleMappingFactory - Using org.maven.ide.eclipse.wtp.WarLifecycleMapping lifecycle mapping for MavenProject: infinite:ExpensesProject:0.0.1-SNAPSHOT @ C:\Users\nirmalyas\Downloads\ExpensesProject\ExpensesProject\pom.xml.
2025-06-03 02:54:21,182 [Worker-7: Updating Maven Dependencies] INFO  o.e.m.c.i.l.LifecycleMappingFactory - Using org.maven.ide.eclipse.wtp.WarLifecycleMapping lifecycle mapping for MavenProject: infinite:ExpensesProject:0.0.1-SNAPSHOT @ C:\Users\nirmalyas\Downloads\ExpensesProject\ExpensesProject\pom.xml.
2025-06-03 02:54:21,287 [Worker-21: Building] WARN  o.a.m.r.i.DefaultArtifactDescriptorReader - 1 problem was encountered while building the effective model for org.javassist:javassist:jar:3.18.1-GA during dependency collection step for project (use -X to see details)
2025-06-03 02:54:21,287 [Worker-7: Updating Maven Dependencies] WARN  o.a.m.r.i.DefaultArtifactDescriptorReader - 1 problem was encountered while building the effective model for org.javassist:javassist:jar:3.18.1-GA during dependency collection step for project (use -X to see details)
2025-06-03 02:54:23,002 [Worker-21: Building] WARN  o.e.m.c.i.embedder.EclipseLogger - The artifact mysql:mysql-connector-java:jar:8.0.31 has been relocated to com.mysql:mysql-connector-j:jar:8.0.31: MySQL Connector/J artifacts moved to reverse-DNS compliant Maven 2+ coordinates.
2025-06-03 02:54:23,012 [Worker-7: Updating Maven Dependencies] WARN  o.e.m.c.i.embedder.EclipseLogger - The artifact mysql:mysql-connector-java:jar:8.0.31 has been relocated to com.mysql:mysql-connector-j:jar:8.0.31: MySQL Connector/J artifacts moved to reverse-DNS compliant Maven 2+ coordinates.
2025-06-03 02:54:23,241 [Worker-21: Building] WARN  o.e.m.c.i.embedder.EclipseLogger - The artifact mysql:mysql-connector-java:jar:8.0.31 has been relocated to com.mysql:mysql-connector-j:jar:8.0.31: MySQL Connector/J artifacts moved to reverse-DNS compliant Maven 2+ coordinates.
2025-06-03 02:54:24,442 [Worker-21: Building] INFO  o.a.m.s.f.DefaultMavenResourcesFiltering - skip non existing resourceDirectory C:\Users\nirmalyas\Downloads\ExpensesProject\ExpensesProject\src\main\resources
2025-06-03 02:54:24,447 [Worker-21: Building] INFO  o.a.m.s.f.DefaultMavenResourcesFiltering - skip non existing resourceDirectory C:\Users\nirmalyas\Downloads\ExpensesProject\ExpensesProject\src\test\resources
2025-06-03 02:54:25,954 [Worker-3: Updating Maven Dependencies] INFO  o.e.m.c.i.l.LifecycleMappingFactory - Using org.maven.ide.eclipse.wtp.WarLifecycleMapping lifecycle mapping for MavenProject: infinite:ExpensesProject:0.0.1-SNAPSHOT @ C:\Users\nirmalyas\Downloads\ExpensesProject\ExpensesProject\pom.xml.
2025-06-03 02:54:25,999 [Worker-3: Updating Maven Dependencies] WARN  o.a.m.r.i.DefaultArtifactDescriptorReader - 1 problem was encountered while building the effective model for org.javassist:javassist:jar:3.18.1-GA during dependency collection step for project (use -X to see details)
2025-06-03 02:54:27,479 [Worker-3: Updating Maven Dependencies] WARN  o.e.m.c.i.embedder.EclipseLogger - The artifact mysql:mysql-connector-java:jar:8.0.31 has been relocated to com.mysql:mysql-connector-j:jar:8.0.31: MySQL Connector/J artifacts moved to reverse-DNS compliant Maven 2+ coordinates.
2025-06-03 02:54:27,669 [Worker-3: Updating Maven Dependencies] WARN  o.e.m.c.i.embedder.EclipseLogger - The artifact mysql:mysql-connector-java:jar:8.0.31 has been relocated to com.mysql:mysql-connector-j:jar:8.0.31: MySQL Connector/J artifacts moved to reverse-DNS compliant Maven 2+ coordinates.
2025-06-03 02:57:10,730 [Worker-0: Building] INFO  o.a.m.s.f.DefaultMavenResourcesFiltering - skip non existing resourceDirectory C:\Users\nirmalyas\Downloads\ExpensesProject\ExpensesProject\src\main\resources
2025-06-03 02:57:10,737 [Worker-0: Building] INFO  o.a.m.s.f.DefaultMavenResourcesFiltering - skip non existing resourceDirectory C:\Users\nirmalyas\Downloads\ExpensesProject\ExpensesProject\src\test\resources
2025-06-03 02:58:35,616 [Worker-4: Building] INFO  o.a.m.s.f.DefaultMavenResourcesFiltering - skip non existing resourceDirectory C:\Users\nirmalyas\Downloads\ExpensesProject\ExpensesProject\src\main\resources
2025-06-03 02:58:35,620 [Worker-4: Building] INFO  o.a.m.s.f.DefaultMavenResourcesFiltering - skip non existing resourceDirectory C:\Users\nirmalyas\Downloads\ExpensesProject\ExpensesProject\src\test\resources
2025-06-03 02:58:58,881 [Worker-4: Building] INFO  o.a.m.s.f.DefaultMavenResourcesFiltering - skip non existing resourceDirectory C:\Users\nirmalyas\Downloads\ExpensesProject\ExpensesProject\src\main\resources
2025-06-03 02:58:58,884 [Worker-4: Building] INFO  o.a.m.s.f.DefaultMavenResourcesFiltering - skip non existing resourceDirectory C:\Users\nirmalyas\Downloads\ExpensesProject\ExpensesProject\src\test\resources
2025-06-03 03:00:10,796 [Worker-1: Building] INFO  o.a.m.s.f.DefaultMavenResourcesFiltering - skip non existing resourceDirectory C:\Users\nirmalyas\Downloads\ExpensesProject\ExpensesProject\src\main\resources
2025-06-03 03:00:10,799 [Worker-1: Building] INFO  o.a.m.s.f.DefaultMavenResourcesFiltering - skip non existing resourceDirectory C:\Users\nirmalyas\Downloads\ExpensesProject\ExpensesProject\src\test\resources
2025-06-03 03:00:50,605 [Worker-1: Building] INFO  o.a.m.s.f.DefaultMavenResourcesFiltering - skip non existing resourceDirectory C:\Users\nirmalyas\Downloads\ExpensesProject\ExpensesProject\src\main\resources
2025-06-03 03:00:50,609 [Worker-1: Building] INFO  o.a.m.s.f.DefaultMavenResourcesFiltering - skip non existing resourceDirectory C:\Users\nirmalyas\Downloads\ExpensesProject\ExpensesProject\src\test\resources
2025-06-03 03:06:17,041 [Worker-5: Loading available Gradle versions] INFO  o.e.b.c.i.u.g.PublishedGradleVersions - Gradle version information cache is up-to-date. Trying to read.
2025-06-03 03:06:23,201 [Worker-3: Building] WARN  o.a.m.r.i.DefaultArtifactDescriptorReader - 1 problem was encountered while building the effective model for org.javassist:javassist:jar:3.18.1-GA during dependency collection step for project (use -X to see details)
2025-06-03 03:06:25,792 [Worker-3: Building] WARN  o.e.m.c.i.embedder.EclipseLogger - The artifact mysql:mysql-connector-java:jar:8.0.31 has been relocated to com.mysql:mysql-connector-j:jar:8.0.31: MySQL Connector/J artifacts moved to reverse-DNS compliant Maven 2+ coordinates.
2025-06-03 03:08:05,291 [Worker-3: Building] INFO  o.a.m.s.f.DefaultMavenResourcesFiltering - skip non existing resourceDirectory C:\Users\nirmalyas\Downloads\ExpensesProject\ExpensesProject\src\main\resources
2025-06-03 03:08:05,297 [Worker-3: Building] INFO  o.a.m.s.f.DefaultMavenResourcesFiltering - skip non existing resourceDirectory C:\Users\nirmalyas\Downloads\ExpensesProject\ExpensesProject\src\test\resources
2025-06-03 09:31:26,809 [Worker-6: Loading available Gradle versions] INFO  o.e.b.c.i.u.g.PublishedGradleVersions - Gradle version information cache is up-to-date. Trying to read.
2025-06-03 09:31:32,866 [Worker-8: Building] WARN  o.a.m.r.i.DefaultArtifactDescriptorReader - 1 problem was encountered while building the effective model for org.javassist:javassist:jar:3.18.1-GA during dependency collection step for project (use -X to see details)
2025-06-03 09:31:35,087 [Worker-8: Building] WARN  o.e.m.c.i.embedder.EclipseLogger - The artifact mysql:mysql-connector-java:jar:8.0.31 has been relocated to com.mysql:mysql-connector-j:jar:8.0.31: MySQL Connector/J artifacts moved to reverse-DNS compliant Maven 2+ coordinates.
2025-06-03 09:36:11,031 [Worker-4: Building] INFO  o.a.m.s.f.DefaultMavenResourcesFiltering - skip non existing resourceDirectory C:\Users\nirmalyas\Downloads\ExpensesProject\ExpensesProject\src\main\resources
2025-06-03 09:36:11,036 [Worker-4: Building] INFO  o.a.m.s.f.DefaultMavenResourcesFiltering - skip non existing resourceDirectory C:\Users\nirmalyas\Downloads\ExpensesProject\ExpensesProject\src\test\resources
2025-06-03 12:32:16,185 [Worker-31: Building] INFO  o.a.m.s.f.DefaultMavenResourcesFiltering - skip non existing resourceDirectory C:\Users\nirmalyas\Downloads\ExpensesProject\ExpensesProject\src\main\resources
2025-06-03 12:32:16,189 [Worker-31: Building] INFO  o.a.m.s.f.DefaultMavenResourcesFiltering - skip non existing resourceDirectory C:\Users\nirmalyas\Downloads\ExpensesProject\ExpensesProject\src\test\resources
2025-06-03 12:41:31,807 [Worker-6: Loading available Gradle versions] INFO  o.e.b.c.i.u.g.PublishedGradleVersions - Gradle version information cache is up-to-date. Trying to read.
2025-06-03 15:14:02,561 [Worker-7: Loading available Gradle versions] INFO  o.e.b.c.i.u.g.PublishedGradleVersions - Gradle version information cache is up-to-date. Trying to read.
2025-06-03 15:14:27,049 [Worker-14: Building] WARN  o.a.m.r.i.DefaultArtifactDescriptorReader - 1 problem was encountered while building the effective model for org.javassist:javassist:jar:3.18.1-GA during dependency collection step for project (use -X to see details)
2025-06-03 15:14:28,751 [Worker-14: Building] WARN  o.e.m.c.i.embedder.EclipseLogger - The artifact mysql:mysql-connector-java:jar:8.0.31 has been relocated to com.mysql:mysql-connector-j:jar:8.0.31: MySQL Connector/J artifacts moved to reverse-DNS compliant Maven 2+ coordinates.
2025-06-03 15:14:29,114 [Worker-14: Building] INFO  o.a.m.s.f.DefaultMavenResourcesFiltering - skip non existing resourceDirectory C:\Users\nirmalyas\Downloads\ExpensesProject\ExpensesProject\src\main\resources
2025-06-03 15:14:29,131 [Worker-14: Building] INFO  o.a.m.s.f.DefaultMavenResourcesFiltering - skip non existing resourceDirectory C:\Users\nirmalyas\Downloads\ExpensesProject\ExpensesProject\src\test\resources
2025-06-03 15:16:11,274 [Worker-16: Building] INFO  o.a.m.s.f.DefaultMavenResourcesFiltering - skip non existing resourceDirectory C:\Users\nirmalyas\Downloads\ExpensesProject\ExpensesProject\src\main\resources
2025-06-03 15:16:11,277 [Worker-16: Building] INFO  o.a.m.s.f.DefaultMavenResourcesFiltering - skip non existing resourceDirectory C:\Users\nirmalyas\Downloads\ExpensesProject\ExpensesProject\src\test\resources
2025-06-03 15:19:28,622 [Worker-10: Building] INFO  o.a.m.s.f.DefaultMavenResourcesFiltering - skip non existing resourceDirectory C:\Users\nirmalyas\Downloads\ExpensesProject\ExpensesProject\src\main\resources
2025-06-03 15:19:28,625 [Worker-10: Building] INFO  o.a.m.s.f.DefaultMavenResourcesFiltering - skip non existing resourceDirectory C:\Users\nirmalyas\Downloads\ExpensesProject\ExpensesProject\src\test\resources
2025-06-03 15:21:56,394 [Worker-2: Building] INFO  o.a.m.s.f.DefaultMavenResourcesFiltering - skip non existing resourceDirectory C:\Users\nirmalyas\Downloads\ExpensesProject\ExpensesProject\src\main\resources
2025-06-03 15:21:56,398 [Worker-2: Building] INFO  o.a.m.s.f.DefaultMavenResourcesFiltering - skip non existing resourceDirectory C:\Users\nirmalyas\Downloads\ExpensesProject\ExpensesProject\src\test\resources
2025-06-03 15:22:58,849 [Worker-12: Building] INFO  o.a.m.s.f.DefaultMavenResourcesFiltering - skip non existing resourceDirectory C:\Users\nirmalyas\Downloads\ExpensesProject\ExpensesProject\src\main\resources
2025-06-03 15:22:58,853 [Worker-12: Building] INFO  o.a.m.s.f.DefaultMavenResourcesFiltering - skip non existing resourceDirectory C:\Users\nirmalyas\Downloads\ExpensesProject\ExpensesProject\src\test\resources
2025-06-03 15:23:38,157 [Worker-17: Building] INFO  o.a.m.s.f.DefaultMavenResourcesFiltering - skip non existing resourceDirectory C:\Users\nirmalyas\Downloads\ExpensesProject\ExpensesProject\src\main\resources
2025-06-03 15:23:38,161 [Worker-17: Building] INFO  o.a.m.s.f.DefaultMavenResourcesFiltering - skip non existing resourceDirectory C:\Users\nirmalyas\Downloads\ExpensesProject\ExpensesProject\src\test\resources
2025-06-03 15:24:17,882 [Worker-20: Building] INFO  o.a.m.s.f.DefaultMavenResourcesFiltering - skip non existing resourceDirectory C:\Users\nirmalyas\Downloads\ExpensesProject\ExpensesProject\src\main\resources
2025-06-03 15:24:17,885 [Worker-20: Building] INFO  o.a.m.s.f.DefaultMavenResourcesFiltering - skip non existing resourceDirectory C:\Users\nirmalyas\Downloads\ExpensesProject\ExpensesProject\src\test\resources
2025-06-03 15:25:46,536 [Worker-19: Building] INFO  o.a.m.s.f.DefaultMavenResourcesFiltering - skip non existing resourceDirectory C:\Users\nirmalyas\Downloads\ExpensesProject\ExpensesProject\src\main\resources
2025-06-03 15:25:46,539 [Worker-19: Building] INFO  o.a.m.s.f.DefaultMavenResourcesFiltering - skip non existing resourceDirectory C:\Users\nirmalyas\Downloads\ExpensesProject\ExpensesProject\src\test\resources
2025-06-03 15:25:59,271 [Worker-6: Building] INFO  o.a.m.s.f.DefaultMavenResourcesFiltering - skip non existing resourceDirectory C:\Users\nirmalyas\Downloads\ExpensesProject\ExpensesProject\src\main\resources
2025-06-03 15:25:59,274 [Worker-6: Building] INFO  o.a.m.s.f.DefaultMavenResourcesFiltering - skip non existing resourceDirectory C:\Users\nirmalyas\Downloads\ExpensesProject\ExpensesProject\src\test\resources
2025-06-03 15:26:39,724 [Worker-3: Building] INFO  o.a.m.s.f.DefaultMavenResourcesFiltering - skip non existing resourceDirectory C:\Users\nirmalyas\Downloads\ExpensesProject\ExpensesProject\src\main\resources
2025-06-03 15:26:39,728 [Worker-3: Building] INFO  o.a.m.s.f.DefaultMavenResourcesFiltering - skip non existing resourceDirectory C:\Users\nirmalyas\Downloads\ExpensesProject\ExpensesProject\src\test\resources
2025-06-03 15:28:34,794 [Worker-10: Building] INFO  o.a.m.s.f.DefaultMavenResourcesFiltering - skip non existing resourceDirectory C:\Users\nirmalyas\Downloads\ExpensesProject\ExpensesProject\src\main\resources
2025-06-03 15:28:34,797 [Worker-10: Building] INFO  o.a.m.s.f.DefaultMavenResourcesFiltering - skip non existing resourceDirectory C:\Users\nirmalyas\Downloads\ExpensesProject\ExpensesProject\src\test\resources
2025-06-03 15:29:04,323 [Worker-16: Building] INFO  o.a.m.s.f.DefaultMavenResourcesFiltering - skip non existing resourceDirectory C:\Users\nirmalyas\Downloads\ExpensesProject\ExpensesProject\src\main\resources
2025-06-03 15:29:04,325 [Worker-16: Building] INFO  o.a.m.s.f.DefaultMavenResourcesFiltering - skip non existing resourceDirectory C:\Users\nirmalyas\Downloads\ExpensesProject\ExpensesProject\src\test\resources
2025-06-03 15:29:48,751 [Worker-17: Building] INFO  o.a.m.s.f.DefaultMavenResourcesFiltering - skip non existing resourceDirectory C:\Users\nirmalyas\Downloads\ExpensesProject\ExpensesProject\src\main\resources
2025-06-03 15:29:48,753 [Worker-17: Building] INFO  o.a.m.s.f.DefaultMavenResourcesFiltering - skip non existing resourceDirectory C:\Users\nirmalyas\Downloads\ExpensesProject\ExpensesProject\src\test\resources
2025-06-03 15:31:12,753 [Worker-12: Building] INFO  o.a.m.s.f.DefaultMavenResourcesFiltering - skip non existing resourceDirectory C:\Users\nirmalyas\Downloads\ExpensesProject\ExpensesProject\src\main\resources
2025-06-03 15:31:12,759 [Worker-12: Building] INFO  o.a.m.s.f.DefaultMavenResourcesFiltering - skip non existing resourceDirectory C:\Users\nirmalyas\Downloads\ExpensesProject\ExpensesProject\src\test\resources
2025-06-03 15:31:33,506 [Worker-17: Building] INFO  o.a.m.s.f.DefaultMavenResourcesFiltering - skip non existing resourceDirectory C:\Users\nirmalyas\Downloads\ExpensesProject\ExpensesProject\src\main\resources
2025-06-03 15:31:33,509 [Worker-17: Building] INFO  o.a.m.s.f.DefaultMavenResourcesFiltering - skip non existing resourceDirectory C:\Users\nirmalyas\Downloads\ExpensesProject\ExpensesProject\src\test\resources
2025-06-03 15:33:30,378 [Worker-15: Building] INFO  o.a.m.s.f.DefaultMavenResourcesFiltering - skip non existing resourceDirectory C:\Users\nirmalyas\Downloads\ExpensesProject\ExpensesProject\src\main\resources
2025-06-03 15:33:30,379 [Worker-15: Building] INFO  o.a.m.s.f.DefaultMavenResourcesFiltering - skip non existing resourceDirectory C:\Users\nirmalyas\Downloads\ExpensesProject\ExpensesProject\src\test\resources
2025-06-03 15:36:21,507 [Worker-12: Building] INFO  o.a.m.s.f.DefaultMavenResourcesFiltering - skip non existing resourceDirectory C:\Users\nirmalyas\Downloads\ExpensesProject\ExpensesProject\src\main\resources
2025-06-03 15:36:21,509 [Worker-12: Building] INFO  o.a.m.s.f.DefaultMavenResourcesFiltering - skip non existing resourceDirectory C:\Users\nirmalyas\Downloads\ExpensesProject\ExpensesProject\src\test\resources
2025-06-03 15:36:46,755 [Worker-4: Building] INFO  o.a.m.s.f.DefaultMavenResourcesFiltering - skip non existing resourceDirectory C:\Users\nirmalyas\Downloads\ExpensesProject\ExpensesProject\src\main\resources
2025-06-03 15:36:46,757 [Worker-4: Building] INFO  o.a.m.s.f.DefaultMavenResourcesFiltering - skip non existing resourceDirectory C:\Users\nirmalyas\Downloads\ExpensesProject\ExpensesProject\src\test\resources
2025-06-03 15:37:49,170 [Worker-15: Building] INFO  o.a.m.s.f.DefaultMavenResourcesFiltering - skip non existing resourceDirectory C:\Users\nirmalyas\Downloads\ExpensesProject\ExpensesProject\src\main\resources
2025-06-03 15:37:49,172 [Worker-15: Building] INFO  o.a.m.s.f.DefaultMavenResourcesFiltering - skip non existing resourceDirectory C:\Users\nirmalyas\Downloads\ExpensesProject\ExpensesProject\src\test\resources
2025-06-03 15:39:42,126 [Worker-4: Building] INFO  o.a.m.s.f.DefaultMavenResourcesFiltering - skip non existing resourceDirectory C:\Users\nirmalyas\Downloads\ExpensesProject\ExpensesProject\src\main\resources
2025-06-03 15:39:42,129 [Worker-4: Building] INFO  o.a.m.s.f.DefaultMavenResourcesFiltering - skip non existing resourceDirectory C:\Users\nirmalyas\Downloads\ExpensesProject\ExpensesProject\src\test\resources
2025-06-03 15:41:15,875 [Worker-9: Building] INFO  o.a.m.s.f.DefaultMavenResourcesFiltering - skip non existing resourceDirectory C:\Users\nirmalyas\Downloads\ExpensesProject\ExpensesProject\src\main\resources
2025-06-03 15:41:15,875 [Worker-9: Building] INFO  o.a.m.s.f.DefaultMavenResourcesFiltering - skip non existing resourceDirectory C:\Users\nirmalyas\Downloads\ExpensesProject\ExpensesProject\src\test\resources
2025-06-03 15:42:09,235 [Worker-19: Building] INFO  o.a.m.s.f.DefaultMavenResourcesFiltering - skip non existing resourceDirectory C:\Users\nirmalyas\Downloads\ExpensesProject\ExpensesProject\src\main\resources
2025-06-03 15:42:09,237 [Worker-19: Building] INFO  o.a.m.s.f.DefaultMavenResourcesFiltering - skip non existing resourceDirectory C:\Users\nirmalyas\Downloads\ExpensesProject\ExpensesProject\src\test\resources
2025-06-03 15:44:23,988 [Worker-10: Building] INFO  o.a.m.s.f.DefaultMavenResourcesFiltering - skip non existing resourceDirectory C:\Users\nirmalyas\Downloads\ExpensesProject\ExpensesProject\src\main\resources
2025-06-03 15:44:23,992 [Worker-10: Building] INFO  o.a.m.s.f.DefaultMavenResourcesFiltering - skip non existing resourceDirectory C:\Users\nirmalyas\Downloads\ExpensesProject\ExpensesProject\src\test\resources
2025-06-03 15:44:43,251 [Worker-6: Building] INFO  o.a.m.s.f.DefaultMavenResourcesFiltering - skip non existing resourceDirectory C:\Users\nirmalyas\Downloads\ExpensesProject\ExpensesProject\src\main\resources
2025-06-03 15:44:43,252 [Worker-6: Building] INFO  o.a.m.s.f.DefaultMavenResourcesFiltering - skip non existing resourceDirectory C:\Users\nirmalyas\Downloads\ExpensesProject\ExpensesProject\src\test\resources
2025-06-03 15:53:01,810 [Worker-13: Building] INFO  o.a.m.s.f.DefaultMavenResourcesFiltering - skip non existing resourceDirectory C:\Users\nirmalyas\Downloads\ExpensesProject\ExpensesProject\src\main\resources
2025-06-03 15:53:01,812 [Worker-13: Building] INFO  o.a.m.s.f.DefaultMavenResourcesFiltering - skip non existing resourceDirectory C:\Users\nirmalyas\Downloads\ExpensesProject\ExpensesProject\src\test\resources
2025-06-03 15:53:06,905 [Worker-1: Building] INFO  o.a.m.s.f.DefaultMavenResourcesFiltering - skip non existing resourceDirectory C:\Users\nirmalyas\Downloads\ExpensesProject\ExpensesProject\src\main\resources
2025-06-03 15:53:06,907 [Worker-1: Building] INFO  o.a.m.s.f.DefaultMavenResourcesFiltering - skip non existing resourceDirectory C:\Users\nirmalyas\Downloads\ExpensesProject\ExpensesProject\src\test\resources
2025-06-03 15:54:25,129 [Worker-10: Building] INFO  o.a.m.s.f.DefaultMavenResourcesFiltering - skip non existing resourceDirectory C:\Users\nirmalyas\Downloads\ExpensesProject\ExpensesProject\src\main\resources
2025-06-03 15:54:25,131 [Worker-10: Building] INFO  o.a.m.s.f.DefaultMavenResourcesFiltering - skip non existing resourceDirectory C:\Users\nirmalyas\Downloads\ExpensesProject\ExpensesProject\src\test\resources
2025-06-03 15:55:18,719 [Worker-6: Building] INFO  o.a.m.s.f.DefaultMavenResourcesFiltering - skip non existing resourceDirectory C:\Users\nirmalyas\Downloads\ExpensesProject\ExpensesProject\src\main\resources
2025-06-03 15:55:18,729 [Worker-6: Building] INFO  o.a.m.s.f.DefaultMavenResourcesFiltering - skip non existing resourceDirectory C:\Users\nirmalyas\Downloads\ExpensesProject\ExpensesProject\src\test\resources
2025-06-03 15:55:51,509 [Worker-15: Building] INFO  o.a.m.s.f.DefaultMavenResourcesFiltering - skip non existing resourceDirectory C:\Users\nirmalyas\Downloads\ExpensesProject\ExpensesProject\src\main\resources
2025-06-03 15:55:51,511 [Worker-15: Building] INFO  o.a.m.s.f.DefaultMavenResourcesFiltering - skip non existing resourceDirectory C:\Users\nirmalyas\Downloads\ExpensesProject\ExpensesProject\src\test\resources
2025-06-03 16:06:44,857 [Worker-0: Building] INFO  o.a.m.s.f.DefaultMavenResourcesFiltering - skip non existing resourceDirectory C:\Users\nirmalyas\Downloads\ExpensesProject\ExpensesProject\src\main\resources
2025-06-03 16:06:44,859 [Worker-0: Building] INFO  o.a.m.s.f.DefaultMavenResourcesFiltering - skip non existing resourceDirectory C:\Users\nirmalyas\Downloads\ExpensesProject\ExpensesProject\src\test\resources
2025-06-03 16:06:55,784 [Worker-21: Building] INFO  o.a.m.s.f.DefaultMavenResourcesFiltering - skip non existing resourceDirectory C:\Users\nirmalyas\Downloads\ExpensesProject\ExpensesProject\src\main\resources
2025-06-03 16:06:55,786 [Worker-21: Building] INFO  o.a.m.s.f.DefaultMavenResourcesFiltering - skip non existing resourceDirectory C:\Users\nirmalyas\Downloads\ExpensesProject\ExpensesProject\src\test\resources
2025-06-03 16:07:48,440 [Worker-18: Building] INFO  o.a.m.s.f.DefaultMavenResourcesFiltering - skip non existing resourceDirectory C:\Users\nirmalyas\Downloads\ExpensesProject\ExpensesProject\src\main\resources
2025-06-03 16:07:48,444 [Worker-18: Building] INFO  o.a.m.s.f.DefaultMavenResourcesFiltering - skip non existing resourceDirectory C:\Users\nirmalyas\Downloads\ExpensesProject\ExpensesProject\src\test\resources
2025-06-03 16:15:09,447 [Worker-11: Building] INFO  o.a.m.s.f.DefaultMavenResourcesFiltering - skip non existing resourceDirectory C:\Users\nirmalyas\Downloads\ExpensesProject\ExpensesProject\src\main\resources
2025-06-03 16:15:09,451 [Worker-11: Building] INFO  o.a.m.s.f.DefaultMavenResourcesFiltering - skip non existing resourceDirectory C:\Users\nirmalyas\Downloads\ExpensesProject\ExpensesProject\src\test\resources
2025-06-03 16:16:31,510 [Worker-17: Building] INFO  o.a.m.s.f.DefaultMavenResourcesFiltering - skip non existing resourceDirectory C:\Users\nirmalyas\Downloads\ExpensesProject\ExpensesProject\src\main\resources
2025-06-03 16:16:31,512 [Worker-17: Building] INFO  o.a.m.s.f.DefaultMavenResourcesFiltering - skip non existing resourceDirectory C:\Users\nirmalyas\Downloads\ExpensesProject\ExpensesProject\src\test\resources
2025-06-03 16:17:51,622 [Worker-7: Building] INFO  o.a.m.s.f.DefaultMavenResourcesFiltering - skip non existing resourceDirectory C:\Users\nirmalyas\Downloads\ExpensesProject\ExpensesProject\src\main\resources
2025-06-03 16:17:51,623 [Worker-7: Building] INFO  o.a.m.s.f.DefaultMavenResourcesFiltering - skip non existing resourceDirectory C:\Users\nirmalyas\Downloads\ExpensesProject\ExpensesProject\src\test\resources
2025-06-03 16:19:11,735 [Worker-16: Building] INFO  o.a.m.s.f.DefaultMavenResourcesFiltering - skip non existing resourceDirectory C:\Users\nirmalyas\Downloads\ExpensesProject\ExpensesProject\src\main\resources
2025-06-03 16:19:11,739 [Worker-16: Building] INFO  o.a.m.s.f.DefaultMavenResourcesFiltering - skip non existing resourceDirectory C:\Users\nirmalyas\Downloads\ExpensesProject\ExpensesProject\src\test\resources
2025-06-03 16:20:13,888 [Worker-7: Building] INFO  o.a.m.s.f.DefaultMavenResourcesFiltering - skip non existing resourceDirectory C:\Users\nirmalyas\Downloads\ExpensesProject\ExpensesProject\src\main\resources
2025-06-03 16:20:13,890 [Worker-7: Building] INFO  o.a.m.s.f.DefaultMavenResourcesFiltering - skip non existing resourceDirectory C:\Users\nirmalyas\Downloads\ExpensesProject\ExpensesProject\src\test\resources
2025-06-03 16:21:31,003 [Worker-17: Building] INFO  o.a.m.s.f.DefaultMavenResourcesFiltering - skip non existing resourceDirectory C:\Users\nirmalyas\Downloads\ExpensesProject\ExpensesProject\src\main\resources
2025-06-03 16:21:31,006 [Worker-17: Building] INFO  o.a.m.s.f.DefaultMavenResourcesFiltering - skip non existing resourceDirectory C:\Users\nirmalyas\Downloads\ExpensesProject\ExpensesProject\src\test\resources
2025-06-03 16:22:10,578 [Worker-16: Building] INFO  o.a.m.s.f.DefaultMavenResourcesFiltering - skip non existing resourceDirectory C:\Users\nirmalyas\Downloads\ExpensesProject\ExpensesProject\src\main\resources
2025-06-03 16:22:10,581 [Worker-16: Building] INFO  o.a.m.s.f.DefaultMavenResourcesFiltering - skip non existing resourceDirectory C:\Users\nirmalyas\Downloads\ExpensesProject\ExpensesProject\src\test\resources
2025-06-03 16:22:34,466 [Worker-18: Building] INFO  o.a.m.s.f.DefaultMavenResourcesFiltering - skip non existing resourceDirectory C:\Users\nirmalyas\Downloads\ExpensesProject\ExpensesProject\src\main\resources
2025-06-03 16:22:34,469 [Worker-18: Building] INFO  o.a.m.s.f.DefaultMavenResourcesFiltering - skip non existing resourceDirectory C:\Users\nirmalyas\Downloads\ExpensesProject\ExpensesProject\src\test\resources
2025-06-03 16:23:25,137 [Worker-11: Building] INFO  o.a.m.s.f.DefaultMavenResourcesFiltering - skip non existing resourceDirectory C:\Users\nirmalyas\Downloads\ExpensesProject\ExpensesProject\src\main\resources
2025-06-03 16:23:25,139 [Worker-11: Building] INFO  o.a.m.s.f.DefaultMavenResourcesFiltering - skip non existing resourceDirectory C:\Users\nirmalyas\Downloads\ExpensesProject\ExpensesProject\src\test\resources
2025-06-03 16:23:45,604 [Worker-20: Building] INFO  o.a.m.s.f.DefaultMavenResourcesFiltering - skip non existing resourceDirectory C:\Users\nirmalyas\Downloads\ExpensesProject\ExpensesProject\src\main\resources
2025-06-03 16:23:45,606 [Worker-20: Building] INFO  o.a.m.s.f.DefaultMavenResourcesFiltering - skip non existing resourceDirectory C:\Users\nirmalyas\Downloads\ExpensesProject\ExpensesProject\src\test\resources
2025-06-03 16:25:59,489 [Worker-7: Building] INFO  o.a.m.s.f.DefaultMavenResourcesFiltering - skip non existing resourceDirectory C:\Users\nirmalyas\Downloads\ExpensesProject\ExpensesProject\src\main\resources
2025-06-03 16:25:59,492 [Worker-7: Building] INFO  o.a.m.s.f.DefaultMavenResourcesFiltering - skip non existing resourceDirectory C:\Users\nirmalyas\Downloads\ExpensesProject\ExpensesProject\src\test\resources
2025-06-03 16:28:40,451 [Worker-6: Building] INFO  o.a.m.s.f.DefaultMavenResourcesFiltering - skip non existing resourceDirectory C:\Users\nirmalyas\Downloads\ExpensesProject\ExpensesProject\src\main\resources
2025-06-03 16:28:40,453 [Worker-6: Building] INFO  o.a.m.s.f.DefaultMavenResourcesFiltering - skip non existing resourceDirectory C:\Users\nirmalyas\Downloads\ExpensesProject\ExpensesProject\src\test\resources
2025-06-03 16:29:14,594 [Worker-8: Building] INFO  o.a.m.s.f.DefaultMavenResourcesFiltering - skip non existing resourceDirectory C:\Users\nirmalyas\Downloads\ExpensesProject\ExpensesProject\src\main\resources
2025-06-03 16:29:14,596 [Worker-8: Building] INFO  o.a.m.s.f.DefaultMavenResourcesFiltering - skip non existing resourceDirectory C:\Users\nirmalyas\Downloads\ExpensesProject\ExpensesProject\src\test\resources
2025-06-03 16:29:30,658 [Worker-3: Building] INFO  o.a.m.s.f.DefaultMavenResourcesFiltering - skip non existing resourceDirectory C:\Users\nirmalyas\Downloads\ExpensesProject\ExpensesProject\src\main\resources
2025-06-03 16:29:30,658 [Worker-3: Building] INFO  o.a.m.s.f.DefaultMavenResourcesFiltering - skip non existing resourceDirectory C:\Users\nirmalyas\Downloads\ExpensesProject\ExpensesProject\src\test\resources
2025-06-03 16:32:16,300 [Worker-3: Building] INFO  o.a.m.s.f.DefaultMavenResourcesFiltering - skip non existing resourceDirectory C:\Users\nirmalyas\Downloads\ExpensesProject\ExpensesProject\src\main\resources
2025-06-03 16:32:16,303 [Worker-3: Building] INFO  o.a.m.s.f.DefaultMavenResourcesFiltering - skip non existing resourceDirectory C:\Users\nirmalyas\Downloads\ExpensesProject\ExpensesProject\src\test\resources
2025-06-03 22:38:16,301 [Worker-5: Loading available Gradle versions] INFO  o.e.b.c.i.u.g.PublishedGradleVersions - Gradle version information cache is out-of-date. Trying to update.
2025-06-03 22:38:23,762 [Worker-8: Building] WARN  o.a.m.r.i.DefaultArtifactDescriptorReader - 1 problem was encountered while building the effective model for org.javassist:javassist:jar:3.18.1-GA during dependency collection step for project (use -X to see details)
2025-06-03 22:38:27,441 [Worker-8: Building] WARN  o.e.m.c.i.embedder.EclipseLogger - The artifact mysql:mysql-connector-java:jar:8.0.31 has been relocated to com.mysql:mysql-connector-j:jar:8.0.31: MySQL Connector/J artifacts moved to reverse-DNS compliant Maven 2+ coordinates.
